Start testing: May 14 22:27 EEST
----------------------------------------------------------
1/10 Testing: PatternTests.StrategyCalculatesCorrectly
1/10 Test: PatternTests.StrategyCalculatesCorrectly
Command: "/Users/bars/OOP NEW/CasinoPlatform/build/tests/casino_tests" "--gtest_filter=PatternTests.StrategyCalculatesCorrectly" "--gtest_also_run_disabled_tests"
Directory: /Users/bars/OOP NEW/CasinoPlatform/build/tests
"PatternTests.StrategyCalculatesCorrectly" start time: May 14 22:27 EEST
Output:
----------------------------------------------------------
Running main() from /Users/bars/OOP NEW/CasinoPlatform/build/_deps/googletest-src/googletest/src/gtest_main.cc
Note: Google Test filter = PatternTests.StrategyCalculatesCorrectly
[==========] Running 1 test from 1 test suite.
[----------] Global test environment set-up.
[----------] 1 test from PatternTests
[ RUN      ] PatternTests.StrategyCalculatesCorrectly
[       OK ] PatternTests.StrategyCalculatesCorrectly (0 ms)
[----------] 1 test from PatternTests (0 ms total)

[----------] Global test environment tear-down
[==========] 1 test from 1 test suite ran. (0 ms total)
[  PASSED  ] 1 test.
<end of output>
Test time =   0.00 sec
----------------------------------------------------------
Test Passed.
"PatternTests.StrategyCalculatesCorrectly" end time: May 14 22:27 EEST
"PatternTests.StrategyCalculatesCorrectly" time elapsed: 00:00:00
----------------------------------------------------------

2/10 Testing: PatternTests.DecoratorAddsBonusCorrectly
2/10 Test: PatternTests.DecoratorAddsBonusCorrectly
Command: "/Users/bars/OOP NEW/CasinoPlatform/build/tests/casino_tests" "--gtest_filter=PatternTests.DecoratorAddsBonusCorrectly" "--gtest_also_run_disabled_tests"
Directory: /Users/bars/OOP NEW/CasinoPlatform/build/tests
"PatternTests.DecoratorAddsBonusCorrectly" start time: May 14 22:27 EEST
Output:
----------------------------------------------------------
Running main() from /Users/bars/OOP NEW/CasinoPlatform/build/_deps/googletest-src/googletest/src/gtest_main.cc
Note: Google Test filter = PatternTests.DecoratorAddsBonusCorrectly
[==========] Running 1 test from 1 test suite.
[----------] Global test environment set-up.
[----------] 1 test from PatternTests
[ RUN      ] PatternTests.DecoratorAddsBonusCorrectly
[       OK ] PatternTests.DecoratorAddsBonusCorrectly (0 ms)
[----------] 1 test from PatternTests (0 ms total)

[----------] Global test environment tear-down
[==========] 1 test from 1 test suite ran. (0 ms total)
[  PASSED  ] 1 test.
<end of output>
Test time =   0.00 sec
----------------------------------------------------------
Test Passed.
"PatternTests.DecoratorAddsBonusCorrectly" end time: May 14 22:27 EEST
"PatternTests.DecoratorAddsBonusCorrectly" time elapsed: 00:00:00
----------------------------------------------------------

3/10 Testing: PatternTests.FactoryCreatesCorrectGameTypes
3/10 Test: PatternTests.FactoryCreatesCorrectGameTypes
Command: "/Users/bars/OOP NEW/CasinoPlatform/build/tests/casino_tests" "--gtest_filter=PatternTests.FactoryCreatesCorrectGameTypes" "--gtest_also_run_disabled_tests"
Directory: /Users/bars/OOP NEW/CasinoPlatform/build/tests
"PatternTests.FactoryCreatesCorrectGameTypes" start time: May 14 22:27 EEST
Output:
----------------------------------------------------------
Running main() from /Users/bars/OOP NEW/CasinoPlatform/build/_deps/googletest-src/googletest/src/gtest_main.cc
Note: Google Test filter = PatternTests.FactoryCreatesCorrectGameTypes
[==========] Running 1 test from 1 test suite.
[----------] Global test environment set-up.
[----------] 1 test from PatternTests
[ RUN      ] PatternTests.FactoryCreatesCorrectGameTypes
[       OK ] PatternTests.FactoryCreatesCorrectGameTypes (0 ms)
[----------] 1 test from PatternTests (0 ms total)

[----------] Global test environment tear-down
[==========] 1 test from 1 test suite ran. (0 ms total)
[  PASSED  ] 1 test.
<end of output>
Test time =   0.00 sec
----------------------------------------------------------
Test Passed.
"PatternTests.FactoryCreatesCorrectGameTypes" end time: May 14 22:27 EEST
"PatternTests.FactoryCreatesCorrectGameTypes" time elapsed: 00:00:00
----------------------------------------------------------

4/10 Testing: PatternTests.FactoryThrowsOnUnknownGame
4/10 Test: PatternTests.FactoryThrowsOnUnknownGame
Command: "/Users/bars/OOP NEW/CasinoPlatform/build/tests/casino_tests" "--gtest_filter=PatternTests.FactoryThrowsOnUnknownGame" "--gtest_also_run_disabled_tests"
Directory: /Users/bars/OOP NEW/CasinoPlatform/build/tests
"PatternTests.FactoryThrowsOnUnknownGame" start time: May 14 22:27 EEST
Output:
----------------------------------------------------------
Running main() from /Users/bars/OOP NEW/CasinoPlatform/build/_deps/googletest-src/googletest/src/gtest_main.cc
Note: Google Test filter = PatternTests.FactoryThrowsOnUnknownGame
[==========] Running 1 test from 1 test suite.
[----------] Global test environment set-up.
[----------] 1 test from PatternTests
[ RUN      ] PatternTests.FactoryThrowsOnUnknownGame
[       OK ] PatternTests.FactoryThrowsOnUnknownGame (0 ms)
[----------] 1 test from PatternTests (0 ms total)

[----------] Global test environment tear-down
[==========] 1 test from 1 test suite ran. (0 ms total)
[  PASSED  ] 1 test.
<end of output>
Test time =   0.00 sec
----------------------------------------------------------
Test Passed.
"PatternTests.FactoryThrowsOnUnknownGame" end time: May 14 22:27 EEST
"PatternTests.FactoryThrowsOnUnknownGame" time elapsed: 00:00:00
----------------------------------------------------------

5/10 Testing: WalletTests.InitialBalanceIsZero
5/10 Test: WalletTests.InitialBalanceIsZero
Command: "/Users/bars/OOP NEW/CasinoPlatform/build/tests/casino_tests" "--gtest_filter=WalletTests.InitialBalanceIsZero" "--gtest_also_run_disabled_tests"
Directory: /Users/bars/OOP NEW/CasinoPlatform/build/tests
"WalletTests.InitialBalanceIsZero" start time: May 14 22:27 EEST
Output:
----------------------------------------------------------
Running main() from /Users/bars/OOP NEW/CasinoPlatform/build/_deps/googletest-src/googletest/src/gtest_main.cc
Note: Google Test filter = WalletTests.InitialBalanceIsZero
[==========] Running 1 test from 1 test suite.
[----------] Global test environment set-up.
[----------] 1 test from WalletTests
[ RUN      ] WalletTests.InitialBalanceIsZero
[       OK ] WalletTests.InitialBalanceIsZero (0 ms)
[----------] 1 test from WalletTests (0 ms total)

[----------] Global test environment tear-down
[==========] 1 test from 1 test suite ran. (0 ms total)
[  PASSED  ] 1 test.
<end of output>
Test time =   0.00 sec
----------------------------------------------------------
Test Passed.
"WalletTests.InitialBalanceIsZero" end time: May 14 22:27 EEST
"WalletTests.InitialBalanceIsZero" time elapsed: 00:00:00
----------------------------------------------------------

6/10 Testing: WalletTests.DepositIncreasesBalance
6/10 Test: WalletTests.DepositIncreasesBalance
Command: "/Users/bars/OOP NEW/CasinoPlatform/build/tests/casino_tests" "--gtest_filter=WalletTests.DepositIncreasesBalance" "--gtest_also_run_disabled_tests"
Directory: /Users/bars/OOP NEW/CasinoPlatform/build/tests
"WalletTests.DepositIncreasesBalance" start time: May 14 22:27 EEST
Output:
----------------------------------------------------------
Running main() from /Users/bars/OOP NEW/CasinoPlatform/build/_deps/googletest-src/googletest/src/gtest_main.cc
Note: Google Test filter = WalletTests.DepositIncreasesBalance
[==========] Running 1 test from 1 test suite.
[----------] Global test environment set-up.
[----------] 1 test from WalletTests
[ RUN      ] WalletTests.DepositIncreasesBalance
[       OK ] WalletTests.DepositIncreasesBalance (0 ms)
[----------] 1 test from WalletTests (0 ms total)

[----------] Global test environment tear-down
[==========] 1 test from 1 test suite ran. (0 ms total)
[  PASSED  ] 1 test.
<end of output>
Test time =   0.00 sec
----------------------------------------------------------
Test Passed.
"WalletTests.DepositIncreasesBalance" end time: May 14 22:27 EEST
"WalletTests.DepositIncreasesBalance" time elapsed: 00:00:00
----------------------------------------------------------

7/10 Testing: WalletTests.WithdrawDecreasesBalance
7/10 Test: WalletTests.WithdrawDecreasesBalance
Command: "/Users/bars/OOP NEW/CasinoPlatform/build/tests/casino_tests" "--gtest_filter=WalletTests.WithdrawDecreasesBalance" "--gtest_also_run_disabled_tests"
Directory: /Users/bars/OOP NEW/CasinoPlatform/build/tests
"WalletTests.WithdrawDecreasesBalance" start time: May 14 22:27 EEST
Output:
----------------------------------------------------------
Running main() from /Users/bars/OOP NEW/CasinoPlatform/build/_deps/googletest-src/googletest/src/gtest_main.cc
Note: Google Test filter = WalletTests.WithdrawDecreasesBalance
[==========] Running 1 test from 1 test suite.
[----------] Global test environment set-up.
[----------] 1 test from WalletTests
[ RUN      ] WalletTests.WithdrawDecreasesBalance
[       OK ] WalletTests.WithdrawDecreasesBalance (0 ms)
[----------] 1 test from WalletTests (0 ms total)

[----------] Global test environment tear-down
[==========] 1 test from 1 test suite ran. (0 ms total)
[  PASSED  ] 1 test.
<end of output>
Test time =   0.00 sec
----------------------------------------------------------
Test Passed.
"WalletTests.WithdrawDecreasesBalance" end time: May 14 22:27 EEST
"WalletTests.WithdrawDecreasesBalance" time elapsed: 00:00:00
----------------------------------------------------------

8/10 Testing: WalletTests.DepositNegativeAmountThrowsException
8/10 Test: WalletTests.DepositNegativeAmountThrowsException
Command: "/Users/bars/OOP NEW/CasinoPlatform/build/tests/casino_tests" "--gtest_filter=WalletTests.DepositNegativeAmountThrowsException" "--gtest_also_run_disabled_tests"
Directory: /Users/bars/OOP NEW/CasinoPlatform/build/tests
"WalletTests.DepositNegativeAmountThrowsException" start time: May 14 22:27 EEST
Output:
----------------------------------------------------------
Running main() from /Users/bars/OOP NEW/CasinoPlatform/build/_deps/googletest-src/googletest/src/gtest_main.cc
Note: Google Test filter = WalletTests.DepositNegativeAmountThrowsException
[==========] Running 1 test from 1 test suite.
[----------] Global test environment set-up.
[----------] 1 test from WalletTests
[ RUN      ] WalletTests.DepositNegativeAmountThrowsException
[       OK ] WalletTests.DepositNegativeAmountThrowsException (0 ms)
[----------] 1 test from WalletTests (0 ms total)

[----------] Global test environment tear-down
[==========] 1 test from 1 test suite ran. (0 ms total)
[  PASSED  ] 1 test.
<end of output>
Test time =   0.00 sec
----------------------------------------------------------
Test Passed.
"WalletTests.DepositNegativeAmountThrowsException" end time: May 14 22:27 EEST
"WalletTests.DepositNegativeAmountThrowsException" time elapsed: 00:00:00
----------------------------------------------------------

9/10 Testing: WalletTests.WithdrawMoreThanBalanceThrowsException
9/10 Test: WalletTests.WithdrawMoreThanBalanceThrowsException
Command: "/Users/bars/OOP NEW/CasinoPlatform/build/tests/casino_tests" "--gtest_filter=WalletTests.WithdrawMoreThanBalanceThrowsException" "--gtest_also_run_disabled_tests"
Directory: /Users/bars/OOP NEW/CasinoPlatform/build/tests
"WalletTests.WithdrawMoreThanBalanceThrowsException" start time: May 14 22:27 EEST
Output:
----------------------------------------------------------
Running main() from /Users/bars/OOP NEW/CasinoPlatform/build/_deps/googletest-src/googletest/src/gtest_main.cc
Note: Google Test filter = WalletTests.WithdrawMoreThanBalanceThrowsException
[==========] Running 1 test from 1 test suite.
[----------] Global test environment set-up.
[----------] 1 test from WalletTests
[ RUN      ] WalletTests.WithdrawMoreThanBalanceThrowsException
[       OK ] WalletTests.WithdrawMoreThanBalanceThrowsException (0 ms)
[----------] 1 test from WalletTests (0 ms total)

[----------] Global test environment tear-down
[==========] 1 test from 1 test suite ran. (0 ms total)
[  PASSED  ] 1 test.
<end of output>
Test time =   0.00 sec
----------------------------------------------------------
Test Passed.
"WalletTests.WithdrawMoreThanBalanceThrowsException" end time: May 14 22:27 EEST
"WalletTests.WithdrawMoreThanBalanceThrowsException" time elapsed: 00:00:00
----------------------------------------------------------

10/10 Testing: EnvironmentTest.GTestIsWorking
10/10 Test: EnvironmentTest.GTestIsWorking
Command: "/Users/bars/OOP NEW/CasinoPlatform/build/tests/casino_tests" "--gtest_filter=EnvironmentTest.GTestIsWorking" "--gtest_also_run_disabled_tests"
Directory: /Users/bars/OOP NEW/CasinoPlatform/build/tests
"EnvironmentTest.GTestIsWorking" start time: May 14 22:27 EEST
Output:
----------------------------------------------------------
Running main() from /Users/bars/OOP NEW/CasinoPlatform/build/_deps/googletest-src/googletest/src/gtest_main.cc
Note: Google Test filter = EnvironmentTest.GTestIsWorking
[==========] Running 1 test from 1 test suite.
[----------] Global test environment set-up.
[----------] 1 test from EnvironmentTest
[ RUN      ] EnvironmentTest.GTestIsWorking
[       OK ] EnvironmentTest.GTestIsWorking (0 ms)
[----------] 1 test from EnvironmentTest (0 ms total)

[----------] Global test environment tear-down
[==========] 1 test from 1 test suite ran. (0 ms total)
[  PASSED  ] 1 test.
<end of output>
Test time =   0.00 sec
----------------------------------------------------------
Test Passed.
"EnvironmentTest.GTestIsWorking" end time: May 14 22:27 EEST
"EnvironmentTest.GTestIsWorking" time elapsed: 00:00:00
----------------------------------------------------------

End testing: May 14 22:27 EEST
